<?xml version="1.0" encoding="UTF-8"?>
<testng-results ignored="0" total="2" passed="2" failed="0" skipped="0">
  <reporter-output>
  </reporter-output>
  <suite started-at="2020-06-11T18:50:36 CEST" name="Suite" finished-at="2020-06-11T18:50:36 CEST" duration-ms="18">
    <groups>
    </groups>
    <test started-at="2020-06-11T18:50:36 CEST" name="Test" finished-at="2020-06-11T18:50:36 CEST" duration-ms="18">
      <class name="MyOrg.Selenium.AppTest">
        <test-method signature="shouldAnswerWithFalse()[pri:0, instance:MyOrg.Selenium.AppTest@5cdd8682]" started-at="2020-06-11T18:50:36 CEST" name="shouldAnswerWithFalse" finished-at="2020-06-11T18:50:36 CEST" duration-ms="2" status="PASS">
          <reporter-output>
          </reporter-output>
        </test-method> <!-- shouldAnswerWithFalse -->
        <test-method signature="shouldAnswerWithTrue()[pri:0, instance:MyOrg.Selenium.AppTest@5cdd8682]" started-at="2020-06-11T18:50:36 CEST" name="shouldAnswerWithTrue" finished-at="2020-06-11T18:50:36 CEST" duration-ms="0" status="PASS">
          <reporter-output>
          </reporter-output>
        </test-method> <!-- shouldAnswerWithTrue -->
      </class> <!-- MyOrg.Selenium.AppTest -->
    </test> <!-- Test -->
  </suite> <!-- Suite -->
</testng-results>
