<?xml version="1.0" encoding="UTF-8"?>
<testng-results ignored="0" total="1" passed="1" failed="0" skipped="0">
  <reporter-output>
  </reporter-output>
  <suite started-at="2020-06-11T16:49:41 CEST" name="Surefire suite" finished-at="2020-06-11T16:49:43 CEST" duration-ms="2608">
    <groups>
    </groups>
    <test started-at="2020-06-11T16:49:41 CEST" name="Surefire test" finished-at="2020-06-11T16:49:43 CEST" duration-ms="2608">
      <class name="myOrg.ExtentReports.AppTest">
        <test-method is-config="true" signature="extentReports()[pri:0, instance:myOrg.ExtentReports.AppTest@23fe1d71]" started-at="2020-06-11T16:49:41 CEST" name="extentReports" finished-at="2020-06-11T16:49:41 CEST" duration-ms="96" status="PASS">
          <reporter-output>
          </reporter-output>
        </test-method> <!-- extentReports -->
        <test-method signature="shouldAnswerWithTrue()[pri:0, instance:myOrg.ExtentReports.AppTest@23fe1d71]" started-at="2020-06-11T16:49:41 CEST" name="shouldAnswerWithTrue" finished-at="2020-06-11T16:49:43 CEST" duration-ms="2499" status="PASS">
          <reporter-output>
          </reporter-output>
        </test-method> <!-- shouldAnswerWithTrue -->
      </class> <!-- myOrg.ExtentReports.AppTest -->
    </test> <!-- Surefire test -->
  </suite> <!-- Surefire suite -->
</testng-results>
