<?xml version="1.0" encoding="UTF-8"?>
<!-- Generated by org.testng.reporters.JUnitXMLReporter -->
<testsuite ignored="0" hostname="swami-rog" failures="0" tests="4" name="Surefire test" time="0.021" errors="0" timestamp="2020-06-10T17:01:24 CEST">
  <testcase classname="MyOrg.Selenium.AppTest" name="shouldAnswerWithFalse" time="0.002"/>
  <testcase classname="MyOrg.Selenium.AppTest" name="shouldAnswerWithTrue" time="0.0"/>
  <testcase classname="MyOrg.Selenium.APITest" name="shouldAnswerWithFalse" time="0.0"/>
  <testcase classname="MyOrg.Selenium.APITest" name="shouldAnswerWithTrue" time="0.0"/>
</testsuite> <!-- Surefire test -->
