<?xml version="1.0" encoding="UTF-8"?>
<!-- Generated by org.testng.reporters.JUnitXMLReporter -->
<testsuite ignored="0" hostname="swami-rog" failures="1" tests="7" name="Test" time="0.061" errors="0" timestamp="2020-06-09T20:22:52 CEST">
  <testcase classname="Default.HelloWorld2" name="Demo" time="0.004"/>
  <testcase classname="Default.HelloWorld2" name="HiDemo2" time="0.001"/>
  <testcase classname="Default.HelloWorld2" name="newMethod" time="0.0"/>
  <testcase classname="Default.HelloWorld2" name="newMethod" time="0.001"/>
  <testcase classname="Default.HelloWorld2" name="HelloDemo2" time="0.003">
    <failure type="java.lang.AssertionError" message="expected [true] but found [false]">
      <![CDATA[java.lang.AssertionError: expected [true] but found [false]
at Default.HelloWorld2.HelloDemo2(HelloWorld2.java:32)
at java.base/java.util.ArrayList.forEach(ArrayList.java:1540)
... Removed 31 stack frames]]>
    </failure>
  </testcase> <!-- HelloDemo2 -->
  <testcase classname="Default.HelloWorld2" name="Demo2" time="0.001"/>
  <testcase classname="Default.HelloWorld" name="Demo1" time="0.001"/>
</testsuite> <!-- Test -->
