<?xml version="1.0" encoding="UTF-8"?>
<testng-results ignored="0" total="1" passed="1" failed="0" skipped="0">
  <reporter-output>
  </reporter-output>
  <suite started-at="2020-06-16T19:28:35 CEST" name="Surefire suite" finished-at="2020-06-16T19:28:42 CEST" duration-ms="6585">
    <groups>
    </groups>
    <test started-at="2020-06-16T19:28:35 CEST" name="Surefire test" finished-at="2020-06-16T19:28:42 CEST" duration-ms="6585">
      <class name="myOrg.PageObjectPattern.AppTest">
        <test-method signature="SignUp()[pri:0, instance:myOrg.PageObjectPattern.AppTest@6239aba6]" started-at="2020-06-16T19:28:35 CEST" name="SignUp" finished-at="2020-06-16T19:28:42 CEST" duration-ms="6516" status="PASS">
          <reporter-output>
          </reporter-output>
        </test-method> <!-- SignUp -->
      </class> <!-- myOrg.PageObjectPattern.AppTest -->
    </test> <!-- Surefire test -->
  </suite> <!-- Surefire suite -->
</testng-results>
